
2024-03-12 18:09:29 INFO  Mylpgbooks:34 - testCases.Tc_EquipmentAgencyid Entered
2024-03-12 18:09:29 INFO  Mylpgbooks:36 - testCases.Tc_EquipmentPassword Entered
2024-03-12 18:09:29 INFO  Mylpgbooks:41 - Clicked On Submit
2024-03-12 18:46:53 INFO  Mylpgbooks:21 - Agencyid Entered
2024-03-12 18:46:53 INFO  Mylpgbooks:23 - Password Entered
2024-03-12 18:57:19 INFO  Mylpgbooks:22 - Agencyid Entered
2024-03-12 18:57:19 INFO  Mylpgbooks:24 - Password Entered
2024-03-12 18:59:41 INFO  Mylpgbooks:22 - Agencyid Entered
2024-03-12 18:59:42 INFO  Mylpgbooks:24 - Password Entered
2024-03-12 19:08:57 INFO  Mylpgbooks:22 - Agencyid Entered
2024-03-12 19:08:57 INFO  Mylpgbooks:24 - Password Entered
2024-03-12 19:13:28 INFO  Mylpgbooks:22 - Agencyid Entered
2024-03-12 19:13:28 INFO  Mylpgbooks:24 - Password Entered
2024-03-13 11:16:58 INFO  Mylpgbooks:28 - Agencyid Entered
2024-03-13 11:16:59 INFO  Mylpgbooks:30 - Password Entered
2024-03-13 11:20:57 INFO  Mylpgbooks:28 - Agencyid Entered
2024-03-13 11:20:57 INFO  Mylpgbooks:30 - Password Entered
2024-03-13 11:24:07 INFO  Mylpgbooks:28 - Agencyid Entered
2024-03-13 11:24:07 INFO  Mylpgbooks:30 - Password Entered
2024-03-13 11:26:11 INFO  Mylpgbooks:29 - Agencyid Entered
2024-03-13 11:26:11 INFO  Mylpgbooks:31 - Password Entered
2024-03-13 11:27:44 INFO  Mylpgbooks:30 - Agencyid Entered
2024-03-13 11:27:45 INFO  Mylpgbooks:32 - Password Entered
2024-03-13 11:29:59 INFO  Mylpgbooks:30 - Agencyid Entered
2024-03-13 11:29:59 INFO  Mylpgbooks:32 - Password Entered
2024-03-13 11:31:40 INFO  Mylpgbooks:30 - Agencyid Entered
2024-03-13 11:31:40 INFO  Mylpgbooks:32 - Password Entered
2024-03-13 12:04:16 INFO  Mylpgbooks:30 - Agencyid Entered
2024-03-13 12:04:16 INFO  Mylpgbooks:32 - Password Entered
2024-03-13 12:06:33 INFO  Mylpgbooks:30 - Agencyid Entered
2024-03-13 12:06:33 INFO  Mylpgbooks:32 - Password Entered
2024-03-13 12:08:16 INFO  Mylpgbooks:30 - Agencyid Entered
2024-03-13 12:08:16 INFO  Mylpgbooks:32 - Password Entered
2024-03-13 12:21:58 INFO  Mylpgbooks:30 - Agencyid Entered
2024-03-13 12:21:58 INFO  Mylpgbooks:32 - Password Enter
2024-03-15 10:56:56 INFO  Mylpgbooks:30 - Agencyid Entered

2024-03-15 10:56:56 INFO  Mylpgbooks:32 - Password Enter

2024-03-15 10:57:01 INFO  Mylpgbooks:57 - testCases.Tc_003_CustVendor_Master - Clicked On Master Data

2024-03-15 10:57:06 INFO  Mylpgbooks:60 - testCases.Tc_003_CustVendor_Master - Clicked On CustVend Master

2024-03-15 10:57:06 INFO  Mylpgbooks:62 - testCases.Tc_003_CustVendor_Master - Clicked On Add Button

2024-03-15 10:57:07 INFO  Mylpgbooks:64 - testCases.Tc_003_CustVendor_Master - Selected PartyType From List

2024-03-15 10:57:10 INFO  Mylpgbooks:68 - testCases.Tc_003_CustVendor_Master - Selected Gst yes/No

2024-03-15 10:57:15 INFO  Mylpgbooks:74 - testCases.Tc_003_CustVendor_Master - Entered Gst

2024-03-15 10:57:16 INFO  Mylpgbooks:85 - testCases.Tc_003_CustVendor_Master - Financial turnOver Selected

2024-03-15 10:57:22 INFO  Mylpgbooks:90 - testCases.Tc_003_CustVendor_Master - Pincode Entered

2024-03-15 10:57:26 INFO  Mylpgbooks:93 - testCases.Tc_003_CustVendor_Master - Selected Location from List

2024-03-15 10:57:26 INFO  Mylpgbooks:95 - testCases.Tc_003_CustVendor_Master - Email Id Entered

2024-03-15 10:57:26 INFO  Mylpgbooks:97 - testCases.Tc_003_CustVendor_Master - Mobile No Entered

2024-03-15 10:57:36 INFO  Mylpgbooks:109 - testCases.Tc_003_CustVendor_Master - Clicked On Save

2024-03-15 11:02:59 INFO  Mylpgbooks:30 - Agencyid Entered

2024-03-15 11:02:59 INFO  Mylpgbooks:32 - Password Enter

2024-03-15 11:03:04 INFO  Mylpgbooks:57 - testCases.Tc_003_CustVendor_Master - Clicked On Master Data

2024-03-15 11:03:09 INFO  Mylpgbooks:60 - testCases.Tc_003_CustVendor_Master - Clicked On CustVend Master

2024-03-15 11:03:09 INFO  Mylpgbooks:62 - testCases.Tc_003_CustVendor_Master - Clicked On Add Button

2024-03-15 11:03:10 INFO  Mylpgbooks:64 - testCases.Tc_003_CustVendor_Master - Selected PartyType From List

2024-03-15 11:03:11 INFO  Mylpgbooks:68 - testCases.Tc_003_CustVendor_Master - Selected Gst yes/No

2024-03-15 11:03:16 INFO  Mylpgbooks:74 - testCases.Tc_003_CustVendor_Master - Entered Gst

2024-03-15 11:03:16 INFO  Mylpgbooks:85 - testCases.Tc_003_CustVendor_Master - Financial turnOver Selected

2024-03-15 11:04:36 INFO  Mylpgbooks:30 - Agencyid Entered

2024-03-15 11:04:36 INFO  Mylpgbooks:32 - Password Enter

2024-03-15 11:04:41 INFO  Mylpgbooks:57 - testCases.Tc_003_CustVendor_Master - Clicked On Master Data

2024-03-15 11:04:46 INFO  Mylpgbooks:60 - testCases.Tc_003_CustVendor_Master - Clicked On CustVend Master

2024-03-15 11:04:46 INFO  Mylpgbooks:62 - testCases.Tc_003_CustVendor_Master - Clicked On Add Button

2024-03-15 11:04:46 INFO  Mylpgbooks:64 - testCases.Tc_003_CustVendor_Master - Selected PartyType From List

2024-03-15 11:04:47 INFO  Mylpgbooks:68 - testCases.Tc_003_CustVendor_Master - Selected Gst yes/No

2024-03-15 11:04:52 INFO  Mylpgbooks:74 - testCases.Tc_003_CustVendor_Master - Entered Gst

2024-03-15 11:04:53 INFO  Mylpgbooks:85 - testCases.Tc_003_CustVendor_Master - Financial turnOver Selected

2024-03-15 11:04:59 INFO  Mylpgbooks:91 - testCases.Tc_003_CustVendor_Master - Pincode Entered

