2024-03-13 18:54:42 INFO  Mylpgbooks:28 - Agencyid Entered
2024-03-13 18:54:42 INFO  Mylpgbooks:30 - Password Entered
2024-03-13 18:54:42 INFO  Mylpgbooks:55 - transactions.Tc_005_Vendor_PO - Clicked On Transactions
2024-03-13 18:54:45 INFO  Mylpgbooks:57 - transactions.Tc_005_Vendor_PO - Clicked On Purchases
2024-03-13 18:54:46 INFO  Mylpgbooks:59 - transactions.Tc_005_Vendor_PO - Clicked On Vendor Po
2024-03-13 18:54:46 INFO  Mylpgbooks:61 - transactions.Tc_005_Vendor_PO - Clicked On Add Button
2024-03-13 18:54:46 INFO  Mylpgbooks:65 - transactions.Tc_005_Vendor_PO - Entered Po Date
2024-03-13 18:54:46 INFO  Mylpgbooks:67 - transactions.Tc_005_Vendor_PO - Entered Vendor Name
2024-03-13 18:54:46 INFO  Mylpgbooks:69 - transactions.Tc_005_Vendor_PO - Entered Quotation Number
2024-03-13 18:54:46 INFO  Mylpgbooks:71 - transactions.Tc_005_Vendor_PO - Entered Quotation Date
2024-03-13 18:54:47 INFO  Mylpgbooks:74 - transactions.Tc_005_Vendor_PO - Entered Narration
2024-03-13 18:54:47 INFO  Mylpgbooks:76 - transactions.Tc_005_Vendor_PO - Selected Product From List
2024-03-13 18:54:47 INFO  Mylpgbooks:78 - transactions.Tc_005_Vendor_PO - Entered Quantity
2024-03-13 18:54:47 INFO  Mylpgbooks:80 - transactions.Tc_005_Vendor_PO - Entered Other Charges

2024-03-14 18:21:55 INFO  Mylpgbooks:28 - Agencyid Entered

2024-03-14 18:21:56 INFO  Mylpgbooks:30 - Password Entered

2024-03-14 18:21:56 INFO  Mylpgbooks:55 - transactions.Tc_005_Vendor_PO - Clicked On Transactions

2024-03-14 18:21:56 INFO  Mylpgbooks:57 - transactions.Tc_005_Vendor_PO - Clicked On Purchases

2024-03-14 18:21:57 INFO  Mylpgbooks:59 - transactions.Tc_005_Vendor_PO - Clicked On Vendor Po

2024-03-14 18:21:58 INFO  Mylpgbooks:61 - transactions.Tc_005_Vendor_PO - Clicked On Add Button

2024-03-14 18:21:58 INFO  Mylpgbooks:65 - transactions.Tc_005_Vendor_PO - Entered Po Date

2024-03-14 18:21:58 INFO  Mylpgbooks:67 - transactions.Tc_005_Vendor_PO - Entered Vendor Name

2024-03-14 18:21:58 INFO  Mylpgbooks:69 - transactions.Tc_005_Vendor_PO - Entered Quotation Number

2024-03-14 18:21:58 INFO  Mylpgbooks:71 - transactions.Tc_005_Vendor_PO - Entered Quotation Date

2024-03-14 18:21:58 INFO  Mylpgbooks:74 - transactions.Tc_005_Vendor_PO - Entered Narration

2024-03-14 18:21:58 INFO  Mylpgbooks:76 - transactions.Tc_005_Vendor_PO - Selected Product From List

2024-03-14 18:21:58 INFO  Mylpgbooks:78 - transactions.Tc_005_Vendor_PO - Entered Quantity

2024-03-14 18:21:58 INFO  Mylpgbooks:80 - transactions.Tc_005_Vendor_PO - Entered Other Charges

2024-03-14 18:32:49 INFO  Mylpgbooks:30 - Agencyid Entered

2024-03-14 18:32:49 INFO  Mylpgbooks:32 - Password Entered

2024-03-14 18:32:49 INFO  Mylpgbooks:57 - transactions.Tc_001_Cylinder_Purchases - Clicked On Transactions

2024-03-14 18:32:51 INFO  Mylpgbooks:59 - transactions.Tc_001_Cylinder_Purchases - Clicked On Purchases

2024-03-14 18:32:51 INFO  Mylpgbooks:61 - transactions.Tc_001_Cylinder_Purchases - Clicked On Cyl Purchases

2024-03-14 18:32:52 INFO  Mylpgbooks:63 - transactions.Tc_001_Cylinder_Purchases - Clicked On Add Button

2024-03-14 18:32:56 INFO  Mylpgbooks:66 - transactions.Tc_001_Cylinder_Purchases - Select Omc Plant From List

2024-03-14 18:32:56 INFO  Mylpgbooks:68 - transactions.Tc_001_Cylinder_Purchases - Entered Reference Number

2024-03-14 18:32:56 INFO  Mylpgbooks:70 - transactions.Tc_001_Cylinder_Purchases - Entered Invoice Date

2024-03-14 18:32:58 INFO  Mylpgbooks:73 - transactions.Tc_001_Cylinder_Purchases - Entered Stock Received Date

2024-03-14 18:32:58 INFO  Mylpgbooks:75 - transactions.Tc_001_Cylinder_Purchases - Select Product From list

2024-03-14 18:33:00 INFO  Mylpgbooks:78 - transactions.Tc_001_Cylinder_Purchases - Select Load type

2024-03-14 18:33:00 INFO  Mylpgbooks:80 - transactions.Tc_001_Cylinder_Purchases - Entered UnitRate

2024-03-14 18:33:02 INFO  Mylpgbooks:83 - transactions.Tc_001_Cylinder_Purchases - Entered Quantity

2024-03-14 18:33:03 INFO  Mylpgbooks:85 - transactions.Tc_001_Cylinder_Purchases - Clicked On Calculate

2024-03-14 18:33:03 INFO  Mylpgbooks:87 - transactions.Tc_001_Cylinder_Purchases - Entered Vehicle Number

2024-03-14 18:33:03 INFO  Mylpgbooks:89 - transactions.Tc_001_Cylinder_Purchases - Entered Driver Name

2024-03-14 18:33:03 INFO  Mylpgbooks:91 - transactions.Tc_001_Cylinder_Purchases - Selected Godown

2024-03-14 18:33:05 INFO  Mylpgbooks:94 - transactions.Tc_001_Cylinder_Purchases - Selected Received By Staff

2024-03-14 18:33:07 INFO  Mylpgbooks:97 - transactions.Tc_001_Cylinder_Purchases - Clicked On Save

2024-03-14 18:33:28 INFO  Mylpgbooks:27 - Agencyid Entered

2024-03-14 18:33:29 INFO  Mylpgbooks:29 - Password Entered

2024-03-14 18:33:29 INFO  Mylpgbooks:54 - transactions.Tc_002_ArbPurchase - Clicked On Transactions

2024-03-14 18:33:31 INFO  Mylpgbooks:56 - transactions.Tc_002_ArbPurchase - Clicked On Purchases

2024-03-14 18:33:31 INFO  Mylpgbooks:58 - transactions.Tc_002_ArbPurchase - Clicked On Arb Purchases

2024-03-14 18:33:31 INFO  Mylpgbooks:60 - transactions.Tc_002_ArbPurchase - Clicked On Add Button

2024-03-14 18:33:33 INFO  Mylpgbooks:64 - transactions.Tc_002_ArbPurchase - Entered Invoice Number

2024-03-14 18:33:34 INFO  Mylpgbooks:66 - transactions.Tc_002_ArbPurchase - Entered Invoice Date

2024-03-14 18:33:36 INFO  Mylpgbooks:69 - transactions.Tc_002_ArbPurchase - Entered Stock Received Date

2024-03-14 18:33:36 INFO  Mylpgbooks:71 - transactions.Tc_002_ArbPurchase - Select Vendor  From List

2024-03-14 18:33:36 INFO  Mylpgbooks:73 - transactions.Tc_002_ArbPurchase - Select Reverse Charge

